<?xml version="1.0" encoding="UTF-8"?>
<testng-results ignored="0" total="11" passed="11" failed="0" skipped="0">
  <reporter-output>
  </reporter-output>
  <suite started-at="2025-07-23T16:56:28 EDT" name="Loan Department" finished-at="2025-07-23T16:56:28 EDT" duration-ms="61">
    <groups>
    </groups>
    <test started-at="2025-07-23T16:56:28 EDT" name="Personal Loan" finished-at="2025-07-23T16:56:28 EDT" duration-ms="61">
      <class name="test.Section16Day4">
        <test-method signature="LoginAPIHomeLoan()[pri:0, instance:test.Section16Day4@4e08711f]" started-at="2025-07-23T16:56:28 EDT" name="LoginAPIHomeLoan" finished-at="2025-07-23T16:56:28 EDT" duration-ms="1" status="PASS">
          <reporter-output>
          </reporter-output>
        </test-method> <!-- LoginAPIHomeLoan -->
        <test-method signature="MobileLoginHomeLoan()[pri:0, instance:test.Section16Day4@4e08711f]" started-at="2025-07-23T16:56:28 EDT" name="MobileLoginHomeLoan" finished-at="2025-07-23T16:56:28 EDT" duration-ms="1" status="PASS">
          <reporter-output>
          </reporter-output>
        </test-method> <!-- MobileLoginHomeLoan -->
        <test-method signature="WebLoginHomeLoan()[pri:0, instance:test.Section16Day4@4e08711f]" started-at="2025-07-23T16:56:28 EDT" name="WebLoginHomeLoan" finished-at="2025-07-23T16:56:28 EDT" duration-ms="0" status="PASS">
          <reporter-output>
          </reporter-output>
        </test-method> <!-- WebLoginHomeLoan -->
      </class> <!-- test.Section16Day4 -->
      <class name="test.Section16Day2">
        <test-method signature="PayLoan()[pri:0, instance:test.Section16Day2@4d1c00d0]" started-at="2025-07-23T16:56:28 EDT" name="PayLoan" finished-at="2025-07-23T16:56:28 EDT" duration-ms="1" status="PASS">
          <reporter-output>
          </reporter-output>
        </test-method> <!-- PayLoan -->
        <test-method signature="UpLoan()[pri:0, instance:test.Section16Day2@4d1c00d0]" started-at="2025-07-23T16:56:28 EDT" name="UpLoan" finished-at="2025-07-23T16:56:28 EDT" duration-ms="1" status="PASS">
          <reporter-output>
          </reporter-output>
        </test-method> <!-- UpLoan -->
      </class> <!-- test.Section16Day2 -->
      <class name="test.Section16Day3">
        <test-method signature="LoginAPICarLoan()[pri:0, instance:test.Section16Day3@4b2bac3f]" started-at="2025-07-23T16:56:28 EDT" name="LoginAPICarLoan" finished-at="2025-07-23T16:56:28 EDT" duration-ms="1" status="PASS">
          <reporter-output>
          </reporter-output>
        </test-method> <!-- LoginAPICarLoan -->
        <test-method signature="MobileLoginCarLoan()[pri:0, instance:test.Section16Day3@4b2bac3f]" started-at="2025-07-23T16:56:28 EDT" name="MobileLoginCarLoan" finished-at="2025-07-23T16:56:28 EDT" duration-ms="1" status="PASS">
          <reporter-output>
          </reporter-output>
        </test-method> <!-- MobileLoginCarLoan -->
        <test-method signature="WebLoginCarLoan()[pri:0, instance:test.Section16Day3@4b2bac3f]" started-at="2025-07-23T16:56:28 EDT" name="WebLoginCarLoan" finished-at="2025-07-23T16:56:28 EDT" duration-ms="1" status="PASS">
          <reporter-output>
          </reporter-output>
        </test-method> <!-- WebLoginCarLoan -->
      </class> <!-- test.Section16Day3 -->
      <class name="test.Section16Day1">
        <test-method signature="Demo1()[pri:0, instance:test.Section16Day1@74e52ef6]" started-at="2025-07-23T16:56:28 EDT" name="Demo1" finished-at="2025-07-23T16:56:28 EDT" duration-ms="7" status="PASS">
          <reporter-output>
          </reporter-output>
        </test-method> <!-- Demo1 -->
        <test-method signature="Demo2()[pri:0, instance:test.Section16Day1@74e52ef6]" started-at="2025-07-23T16:56:28 EDT" name="Demo2" finished-at="2025-07-23T16:56:28 EDT" duration-ms="1" status="PASS">
          <reporter-output>
          </reporter-output>
        </test-method> <!-- Demo2 -->
        <test-method signature="Doko1()[pri:0, instance:test.Section16Day1@74e52ef6]" started-at="2025-07-23T16:56:28 EDT" name="Doko1" finished-at="2025-07-23T16:56:28 EDT" duration-ms="1" status="PASS">
          <reporter-output>
          </reporter-output>
        </test-method> <!-- Doko1 -->
      </class> <!-- test.Section16Day1 -->
    </test> <!-- Personal Loan -->
  </suite> <!-- Loan Department -->
</testng-results>
