<?xml version="1.0" encoding="UTF-8"?>
<!-- Generated by org.testng.reporters.JUnitXMLReporter -->
<testsuite ignored="1" hostname="DESKTOP-1RUJ83J" failures="0" tests="2" name="Car Loan" time="0.005" errors="0" timestamp="2025-07-23T16:54:46 EDT">
  <testcase classname="test.Section16Day3" name="MobileLoginCarLoan" time="0.001"/>
  <testcase classname="test.Section16Day3" name="WebLoginCarLoan" time="0.001"/>
  <testcase classname="test.Section16Day3" name="LoginAPICarLoan" time="0.0">
    <ignored/>
  </testcase> <!-- LoginAPICarLoan -->
</testsuite> <!-- Car Loan -->
