<?xml version="1.0" encoding="UTF-8"?>
<!-- Generated by org.testng.reporters.JUnitXMLReporter -->
<testsuite ignored="1" hostname="DESKTOP-1RUJ83J" failures="0" tests="5" name="Car Loan" time="0.05" errors="0" timestamp="2025-07-24T13:28:00 EDT">
  <testcase classname="test.Section16Day3" name="DataLoginAPICarLoan" time="0.004"/>
  <testcase classname="test.Section16Day3" name="DataLoginAPICarLoan" time="0.001"/>
  <testcase classname="test.Section16Day3" name="DataLoginAPICarLoan" time="0.001"/>
  <testcase classname="test.Section16Day3" name="MobileLoginCarLoan" time="0.004"/>
  <testcase classname="test.Section16Day3" name="WebLoginCarLoan" time="0.001"/>
  <testcase classname="test.Section16Day3" name="LoginAPICarLoan" time="0.0">
    <ignored/>
  </testcase> <!-- LoginAPICarLoan -->
</testsuite> <!-- Car Loan -->
