<?xml version="1.0" encoding="UTF-8"?>
<!-- Generated by org.testng.reporters.JUnitXMLReporter -->
<testsuite ignored="1" hostname="DESKTOP-1RUJ83J" failures="0" tests="2" name="Home Loan" time="0.037" errors="0" timestamp="2025-07-24T13:28:00 EDT">
  <testcase classname="test.Section16Day4" name="WebLoginHomeLoan" time="0.005"/>
  <testcase classname="test.Section16Day4" name="LoginAPIHomeLoan" time="0.001"/>
  <testcase classname="test.Section16Day4" name="MobileLoginHomeLoan" time="0.0">
    <ignored/>
  </testcase> <!-- MobileLoginHomeLoan -->
</testsuite> <!-- Home Loan -->
