<?xml version="1.0" encoding="UTF-8"?>
<!-- Generated by org.testng.reporters.JUnitXMLReporter -->
<testsuite ignored="0" hostname="DESKTOP-1RUJ83J" failures="0" tests="11" name="Personal Loan" time="0.061" errors="0" timestamp="2025-07-23T16:56:28 EDT">
  <testcase classname="test.Section16Day1" name="Demo1" time="0.007"/>
  <testcase classname="test.Section16Day1" name="Demo2" time="0.001"/>
  <testcase classname="test.Section16Day1" name="Doko1" time="0.001"/>
  <testcase classname="test.Section16Day2" name="PayLoan" time="0.001"/>
  <testcase classname="test.Section16Day2" name="UpLoan" time="0.001"/>
  <testcase classname="test.Section16Day3" name="LoginAPICarLoan" time="0.001"/>
  <testcase classname="test.Section16Day3" name="MobileLoginCarLoan" time="0.001"/>
  <testcase classname="test.Section16Day3" name="WebLoginCarLoan" time="0.001"/>
  <testcase classname="test.Section16Day4" name="LoginAPIHomeLoan" time="0.001"/>
  <testcase classname="test.Section16Day4" name="MobileLoginHomeLoan" time="0.001"/>
  <testcase classname="test.Section16Day4" name="WebLoginHomeLoan" time="0.0"/>
</testsuite> <!-- Personal Loan -->
