<?xml version="1.0" encoding="UTF-8"?>
<!-- Generated by org.testng.reporters.JUnitXMLReporter -->
<testsuite ignored="2" hostname="DESKTOP-1RUJ83J" failures="1" tests="3" name="Personal Loan" time="0.051" errors="0" timestamp="2025-07-24T13:28:00 EDT">
  <testcase classname="test.Section16Day1" name="Demo1" time="0.005"/>
  <testcase classname="test.Section16Day1" name="Demo2" time="0.009">
    <failure type="java.lang.AssertionError" message="expected [true] but found [false]">
      <![CDATA[java.lang.AssertionError: expected [true] but found [false]
at test.Section16Day1.Demo2(Section16Day1.java:25)
at java.base/java.util.ArrayList.forEach(ArrayList.java:1511)
at java.base/java.util.concurrent.FutureTask.run(FutureTask.java:264)
at java.base/java.util.concurrent.ThreadPoolExecutor.runWorker(ThreadPoolExecutor.java:1136)
at java.base/java.util.concurrent.ThreadPoolExecutor$Worker.run(ThreadPoolExecutor.java:635)
at java.base/java.lang.Thread.run(Thread.java:833)
... Removed 21 stack frames]]>
    </failure>
  </testcase> <!-- Demo2 -->
  <testcase classname="test.Section16Day2" name="PayLoan" time="0.0"/>
  <testcase classname="test.Section16Day1" name="Doko1" time="0.0">
    <ignored/>
  </testcase> <!-- Doko1 -->
  <testcase classname="test.Section16Day2" name="UpLoan" time="0.0">
    <ignored/>
  </testcase> <!-- UpLoan -->
</testsuite> <!-- Personal Loan -->
