<?xml version="1.0" encoding="UTF-8"?>
<!-- Generated by org.testng.reporters.JUnitXMLReporter -->
<testsuite ignored="4" hostname="DESKTOP-1RUJ83J" failures="0" tests="7" name="Regression" time="0.05" errors="0" timestamp="2025-07-24T09:27:11 EDT">
  <testcase classname="test.Section16Day1" name="Demo1" time="0.005"/>
  <testcase classname="test.Section16Day1" name="Demo2" time="0.001"/>
  <testcase classname="test.Section16Day2" name="UpLoan" time="0.001"/>
  <testcase classname="test.Section16Day3" name="MobileLoginCarLoan" time="0.001"/>
  <testcase classname="test.Section16Day3" name="WebLoginCarLoan" time="0.001"/>
  <testcase classname="test.Section16Day4" name="WebLoginHomeLoan" time="0.001"/>
  <testcase classname="test.Section16Day4" name="LoginAPIHomeLoan" time="0.002"/>
  <testcase classname="test.Section16Day2" name="PayLoan" time="0.0">
    <ignored/>
  </testcase> <!-- PayLoan -->
  <testcase classname="test.Section16Day1" name="Doko1" time="0.0">
    <ignored/>
  </testcase> <!-- Doko1 -->
  <testcase classname="test.Section16Day3" name="LoginAPICarLoan" time="0.0">
    <ignored/>
  </testcase> <!-- LoginAPICarLoan -->
  <testcase classname="test.Section16Day4" name="MobileLoginHomeLoan" time="0.0">
    <ignored/>
  </testcase> <!-- MobileLoginHomeLoan -->
</testsuite> <!-- Regression -->
