<?xml version="1.0" encoding="UTF-8"?>
<!-- Generated by org.testng.reporters.JUnitReportReporter -->
<testsuite hostname="DESKTOP-1RUJ83J" failures="0" tests="4" name="rahulshettyacademy.tests.Section19SubmitOrderTest" time="62.880" errors="0" timestamp="2025-07-29T15:39:46 EDT" skipped="0">
  <testcase classname="rahulshettyacademy.tests.Section19SubmitOrderTest" name="SubmitOrder" time="23.380"/>
  <testcase classname="rahulshettyacademy.tests.Section19SubmitOrderTest" name="SubmitOrder" time="23.115"/>
  <testcase classname="rahulshettyacademy.tests.Section19SubmitOrderTest" name="OrderHistoryTest" time="8.143"/>
  <testcase classname="rahulshettyacademy.tests.Section19SubmitOrderTest" name="OrderHistoryTest" time="8.242"/>
</testsuite> <!-- rahulshettyacademy.tests.Section19SubmitOrderTest -->
