<?xml version="1.0" encoding="UTF-8"?>
<!-- Generated by org.testng.reporters.JUnitReportReporter -->
<testsuite hostname="DESKTOP-1RUJ83J" failures="0" tests="2" name="rahulshettyacademy.tests.Section20ErrorValidationsTest" time="10.921" errors="0" timestamp="2025-07-25T16:34:06 EDT" skipped="0">
  <testcase classname="rahulshettyacademy.tests.Section20ErrorValidationsTest" name="LoginErrorValidation" time="4.592"/>
  <testcase classname="rahulshettyacademy.tests.Section20ErrorValidationsTest" name="ProductErrorValidation" time="6.329"/>
</testsuite> <!-- rahulshettyacademy.tests.Section20ErrorValidationsTest -->
