<?xml version="1.0" encoding="UTF-8"?>
<!-- Generated by org.testng.reporters.JUnitReportReporter -->
<testsuite hostname="DESKTOP-1RUJ83J" failures="0" tests="4" name="rahulshettyacademy.tests.Section19SubmitOrderTest" time="52.530" errors="0" timestamp="2025-07-25T17:02:30 EDT" skipped="0">
  <testcase classname="rahulshettyacademy.tests.Section19SubmitOrderTest" name="SubmitOrder" time="20.378"/>
  <testcase classname="rahulshettyacademy.tests.Section19SubmitOrderTest" name="OrderHistoryTest" time="5.490"/>
  <testcase classname="rahulshettyacademy.tests.Section19SubmitOrderTest" name="OrderHistoryTest" time="6.345"/>
  <testcase classname="rahulshettyacademy.tests.Section19SubmitOrderTest" name="SubmitOrder" time="20.317"/>
</testsuite> <!-- rahulshettyacademy.tests.Section19SubmitOrderTest -->
