<?xml version="1.0" encoding="UTF-8"?>
<!-- Generated by org.testng.reporters.JUnitReportReporter -->
<testsuite hostname="DESKTOP-1RUJ83J" failures="0" tests="2" name="rahulshettyacademy.tests.Section20ErrorValidations" time="11.467" errors="0" timestamp="2025-07-25T15:54:41 EDT" skipped="0">
  <testcase classname="rahulshettyacademy.tests.Section20ErrorValidations" name="LoginErrorValidation" time="4.494"/>
  <testcase classname="rahulshettyacademy.tests.Section20ErrorValidations" name="ProductErrorValidation" time="6.973"/>
</testsuite> <!-- rahulshettyacademy.tests.Section20ErrorValidations -->
