<?xml version="1.0" encoding="UTF-8"?>
<!-- Generated by org.testng.reporters.JUnitXMLReporter -->
<testsuite ignored="0" hostname="DESKTOP-1RUJ83J" failures="0" tests="4" name="Default test" time="0.054" errors="0" timestamp="2025-07-22T15:25:42 EDT">
  <testcase classname="Section14Test1" name="regular" time="0.01"/>
  <testcase classname="Section14Test1" name="streamCollect" time="0.004"/>
  <testcase classname="Section14Test1" name="streamFilter" time="0.003"/>
  <testcase classname="Section14Test1" name="streamMap" time="0.003"/>
</testsuite> <!-- Default test -->
