<?xml version="1.0" encoding="UTF-8"?>
<testng-results ignored="0" total="4" passed="4" failed="0" skipped="0">
  <reporter-output>
  </reporter-output>
  <suite started-at="2025-07-23T15:10:55 EDT" name="Default suite" finished-at="2025-07-23T15:10:55 EDT" duration-ms="60">
    <groups>
    </groups>
    <test started-at="2025-07-23T15:10:55 EDT" name="Default test" finished-at="2025-07-23T15:10:55 EDT" duration-ms="60">
      <class name="Section14Test1">
        <test-method signature="regular()[pri:0, instance:Section14Test1@4562e04d]" started-at="2025-07-23T15:10:55 EDT" name="regular" finished-at="2025-07-23T15:10:55 EDT" duration-ms="11" status="PASS">
          <reporter-output>
          </reporter-output>
        </test-method> <!-- regular -->
        <test-method signature="streamCollect()[pri:0, instance:Section14Test1@4562e04d]" started-at="2025-07-23T15:10:55 EDT" name="streamCollect" finished-at="2025-07-23T15:10:55 EDT" duration-ms="3" status="PASS">
          <reporter-output>
          </reporter-output>
        </test-method> <!-- streamCollect -->
        <test-method signature="streamFilter()[pri:0, instance:Section14Test1@4562e04d]" started-at="2025-07-23T15:10:55 EDT" name="streamFilter" finished-at="2025-07-23T15:10:55 EDT" duration-ms="3" status="PASS">
          <reporter-output>
          </reporter-output>
        </test-method> <!-- streamFilter -->
        <test-method signature="streamMap()[pri:0, instance:Section14Test1@4562e04d]" started-at="2025-07-23T15:10:55 EDT" name="streamMap" finished-at="2025-07-23T15:10:55 EDT" duration-ms="5" status="PASS">
          <reporter-output>
          </reporter-output>
        </test-method> <!-- streamMap -->
      </class> <!-- Section14Test1 -->
    </test> <!-- Default test -->
  </suite> <!-- Default suite -->
</testng-results>
