<?xml version="1.0" encoding="UTF-8"?>
<testng-results ignored="0" total="2" passed="2" failed="0" skipped="0">
  <reporter-output>
  </reporter-output>
  <suite started-at="2025-07-30T14:29:10 EDT" name="Suite" finished-at="2025-07-30T14:29:54 EDT" duration-ms="43702">
    <groups>
      <group name="Purchase">
        <method signature="Section19SubmitOrderTest.SubmitOrder(java.util.HashMap)[pri:0, instance:rahulshettyacademy.tests.Section19SubmitOrderTest@6d5620ce]" name="SubmitOrder" class="rahulshettyacademy.tests.Section19SubmitOrderTest"/>
      </group> <!-- Purchase -->
    </groups>
    <test started-at="2025-07-30T14:29:10 EDT" name="Submit Order Test" finished-at="2025-07-30T14:29:54 EDT" duration-ms="43416">
      <class name="rahulshettyacademy.tests.Section19SubmitOrderTest">
        <test-method is-config="true" signature="LaunchApplication()[pri:0, instance:rahulshettyacademy.tests.Section19SubmitOrderTest@6d5620ce]" started-at="2025-07-30T14:29:10 EDT" name="LaunchApplication" finished-at="2025-07-30T14:29:16 EDT" duration-ms="5249" status="PASS">
          <reporter-output>
          </reporter-output>
        </test-method> <!-- LaunchApplication -->
        <test-method signature="SubmitOrder(java.util.HashMap)[pri:0, instance:rahulshettyacademy.tests.Section19SubmitOrderTest@6d5620ce]" started-at="2025-07-30T14:29:16 EDT" name="SubmitOrder" data-provider="GetData" finished-at="2025-07-30T14:29:32 EDT" duration-ms="16086" status="PASS">
          <params>
            <param index="0">
              <value>
                <![CDATA[{password=NightCity2077, product=ZARA COAT 3, email=vbnm@hmail.com}]]>
              </value>
            </param>
          </params>
          <reporter-output>
          </reporter-output>
        </test-method> <!-- SubmitOrder -->
        <test-method is-config="true" signature="TearDown()[pri:0, instance:rahulshettyacademy.tests.Section19SubmitOrderTest@6d5620ce]" started-at="2025-07-30T14:29:32 EDT" name="TearDown" finished-at="2025-07-30T14:29:32 EDT" duration-ms="636" status="PASS">
          <reporter-output>
          </reporter-output>
        </test-method> <!-- TearDown -->
        <test-method is-config="true" signature="LaunchApplication()[pri:0, instance:rahulshettyacademy.tests.Section19SubmitOrderTest@6d5620ce]" started-at="2025-07-30T14:29:32 EDT" name="LaunchApplication" finished-at="2025-07-30T14:29:37 EDT" duration-ms="4657" status="PASS">
          <reporter-output>
          </reporter-output>
        </test-method> <!-- LaunchApplication -->
        <test-method signature="SubmitOrder(java.util.HashMap)[pri:0, instance:rahulshettyacademy.tests.Section19SubmitOrderTest@6d5620ce]" started-at="2025-07-30T14:29:37 EDT" name="SubmitOrder" data-provider="GetData" finished-at="2025-07-30T14:29:53 EDT" duration-ms="15912" status="PASS">
          <params>
            <param index="0">
              <value>
                <![CDATA[{password=NightCity2077, product=ADIDAS ORIGINAL, email=vbasdfnm@hmail.com}]]>
              </value>
            </param>
          </params>
          <reporter-output>
          </reporter-output>
        </test-method> <!-- SubmitOrder -->
        <test-method is-config="true" signature="TearDown()[pri:0, instance:rahulshettyacademy.tests.Section19SubmitOrderTest@6d5620ce]" started-at="2025-07-30T14:29:53 EDT" name="TearDown" finished-at="2025-07-30T14:29:54 EDT" duration-ms="683" status="PASS">
          <reporter-output>
          </reporter-output>
        </test-method> <!-- TearDown -->
      </class> <!-- rahulshettyacademy.tests.Section19SubmitOrderTest -->
    </test> <!-- Submit Order Test -->
    <test started-at="2025-07-30T14:29:54 EDT" name="Error Validations Test" finished-at="2025-07-30T14:29:54 EDT" duration-ms="1">
    </test> <!-- Error Validations Test -->
  </suite> <!-- Suite -->
</testng-results>
