<?xml version="1.0" encoding="UTF-8"?>
<testng-results ignored="0" total="2" passed="2" failed="0" skipped="0">
  <reporter-output>
  </reporter-output>
  <suite started-at="2025-07-29T10:40:59 EDT" name="Suite" finished-at="2025-07-29T10:41:41 EDT" duration-ms="41917">
    <groups>
      <group name="Purchase">
        <method signature="Section19SubmitOrderTest.SubmitOrder(java.util.HashMap)[pri:0, instance:rahulshettyacademy.tests.Section19SubmitOrderTest@36fc695d]" name="SubmitOrder" class="rahulshettyacademy.tests.Section19SubmitOrderTest"/>
      </group> <!-- Purchase -->
    </groups>
    <test started-at="2025-07-29T10:40:59 EDT" name="Submit Order Test" finished-at="2025-07-29T10:41:41 EDT" duration-ms="41891">
      <class name="rahulshettyacademy.tests.Section19SubmitOrderTest">
        <test-method is-config="true" signature="LaunchApplication()[pri:0, instance:rahulshettyacademy.tests.Section19SubmitOrderTest@36fc695d]" started-at="2025-07-29T10:40:59 EDT" name="LaunchApplication" finished-at="2025-07-29T10:41:04 EDT" duration-ms="5147" status="PASS">
          <reporter-output>
          </reporter-output>
        </test-method> <!-- LaunchApplication -->
        <test-method signature="SubmitOrder(java.util.HashMap)[pri:0, instance:rahulshettyacademy.tests.Section19SubmitOrderTest@36fc695d]" started-at="2025-07-29T10:41:04 EDT" name="SubmitOrder" data-provider="GetData" finished-at="2025-07-29T10:41:20 EDT" duration-ms="16333" status="PASS">
          <params>
            <param index="0">
              <value>
                <![CDATA[{password=NightCity2077, product=ZARA COAT 3, email=vbnm@hmail.com}]]>
              </value>
            </param>
          </params>
          <reporter-output>
          </reporter-output>
        </test-method> <!-- SubmitOrder -->
        <test-method is-config="true" signature="TearDown()[pri:0, instance:rahulshettyacademy.tests.Section19SubmitOrderTest@36fc695d]" started-at="2025-07-29T10:41:20 EDT" name="TearDown" finished-at="2025-07-29T10:41:21 EDT" duration-ms="159" status="PASS">
          <reporter-output>
          </reporter-output>
        </test-method> <!-- TearDown -->
        <test-method is-config="true" signature="LaunchApplication()[pri:0, instance:rahulshettyacademy.tests.Section19SubmitOrderTest@36fc695d]" started-at="2025-07-29T10:41:21 EDT" name="LaunchApplication" finished-at="2025-07-29T10:41:24 EDT" duration-ms="3598" status="PASS">
          <reporter-output>
          </reporter-output>
        </test-method> <!-- LaunchApplication -->
        <test-method signature="SubmitOrder(java.util.HashMap)[pri:0, instance:rahulshettyacademy.tests.Section19SubmitOrderTest@36fc695d]" started-at="2025-07-29T10:41:24 EDT" name="SubmitOrder" data-provider="GetData" finished-at="2025-07-29T10:41:40 EDT" duration-ms="16278" status="PASS">
          <params>
            <param index="0">
              <value>
                <![CDATA[{password=NightCity2077, product=ADIDAS ORIGINAL, email=vbasdfnm@hmail.com}]]>
              </value>
            </param>
          </params>
          <reporter-output>
          </reporter-output>
        </test-method> <!-- SubmitOrder -->
        <test-method is-config="true" signature="TearDown()[pri:0, instance:rahulshettyacademy.tests.Section19SubmitOrderTest@36fc695d]" started-at="2025-07-29T10:41:40 EDT" name="TearDown" finished-at="2025-07-29T10:41:41 EDT" duration-ms="146" status="PASS">
          <reporter-output>
          </reporter-output>
        </test-method> <!-- TearDown -->
      </class> <!-- rahulshettyacademy.tests.Section19SubmitOrderTest -->
    </test> <!-- Submit Order Test -->
    <test started-at="2025-07-29T10:41:41 EDT" name="Error Validations Test" finished-at="2025-07-29T10:41:41 EDT" duration-ms="1">
    </test> <!-- Error Validations Test -->
  </suite> <!-- Suite -->
</testng-results>
