<?xml version="1.0" encoding="UTF-8"?>
<!-- Generated by org.testng.reporters.JUnitXMLReporter -->
<testsuite ignored="0" hostname="DESKTOP-1RUJ83J" failures="1" tests="2" name="Error Validations Test" time="17.178" errors="0" timestamp="2025-07-29T15:39:46 EDT">
  <testcase classname="rahulshettyacademy.tests.Section20ErrorValidationsTest" name="LoginErrorValidation" time="0.407">
    <failure type="java.lang.AssertionError" message="expected [Incorrect email or password.] but found [Incorrect mail or password.]">
      <![CDATA[java.lang.AssertionError: expected [Incorrect email or password.] but found [Incorrect mail or password.]
at rahulshettyacademy.tests.Section20ErrorValidationsTest.LoginErrorValidation(Section20ErrorValidationsTest.java:18)
at java.base/java.util.ArrayList.forEach(ArrayList.java:1511)
... Removed 33 stack frames]]>
    </failure>
  </testcase> <!-- LoginErrorValidation -->
  <testcase classname="rahulshettyacademy.tests.Section20ErrorValidationsTest" name="ProductErrorValidation" time="1.217"/>
</testsuite> <!-- Error Validations Test -->
