<?xml version="1.0" encoding="UTF-8"?>
<!-- Generated by org.testng.reporters.JUnitXMLReporter -->
<testsuite ignored="0" hostname="DESKTOP-1RUJ83J" failures="1" tests="3" name="Submit Order Test" time="29.906" errors="0" timestamp="2025-07-25T16:50:26 EDT">
  <testcase classname="rahulshettyacademy.tests.Section19SubmitOrderTest" name="SubmitOrder" time="16.383"/>
  <testcase classname="rahulshettyacademy.tests.Section19SubmitOrderTest" name="SubmitOrder" time="4.432"/>
  <testcase classname="rahulshettyacademy.tests.Section19SubmitOrderTest" name="OrderHistoryTest" time="0.001">
    <failure type="org.testng.internal.reflect.MethodMatcherException" message="
[public void rahulshettyacademy.tests.Section19SubmitOrderTest.OrderHistoryTest(java.lang.String)] has no parameters defined but was found to be using a data provider (either explicitly specified or inherited from class level annotation).
Data provider mismatch
Method: OrderHistoryTest([java.lang.String arg0])
Arguments: [(java.lang.String) vbnm@hmail.com,(java.lang.String) NightCity2077,(java.lang.String) ZARA COAT 3]">
      <![CDATA[org.testng.internal.reflect.MethodMatcherException: 
[public void rahulshettyacademy.tests.Section19SubmitOrderTest.OrderHistoryTest(java.lang.String)] has no parameters defined but was found to be using a data provider (either explicitly specified or inherited from class level annotation).
Data provider mismatch
Method: OrderHistoryTest([java.lang.String arg0])
Arguments: [(java.lang.String) vbnm@hmail.com,(java.lang.String) NightCity2077,(java.lang.String) ZARA COAT 3]
at java.base/java.util.ArrayList.forEach(ArrayList.java:1511)
... Removed 22 stack frames]]>
    </failure>
  </testcase> <!-- OrderHistoryTest -->
</testsuite> <!-- Submit Order Test -->
