<?xml version="1.0" encoding="UTF-8"?>
<!-- Generated by org.testng.reporters.JUnitXMLReporter -->
<testsuite ignored="1" hostname="DESKTOP-1RUJ83J" failures="0" tests="2" name="Submit Order Test" time="41.891" errors="0" timestamp="2025-07-29T10:41:41 EDT">
  <testcase classname="rahulshettyacademy.tests.Section19SubmitOrderTest" name="SubmitOrder" time="16.333"/>
  <testcase classname="rahulshettyacademy.tests.Section19SubmitOrderTest" name="SubmitOrder" time="16.278"/>
  <testcase classname="rahulshettyacademy.tests.Section19SubmitOrderTest" name="OrderHistoryTest" time="0.0">
    <ignored/>
  </testcase> <!-- OrderHistoryTest -->
</testsuite> <!-- Submit Order Test -->
