<?xml version="1.0" encoding="UTF-8"?>
<testng-results ignored="0" total="1" passed="1" failed="0" skipped="0">
  <reporter-output>
  </reporter-output>
  <suite started-at="2025-07-29T11:45:40 EDT" name="Default suite" finished-at="2025-07-29T11:45:45 EDT" duration-ms="5274">
    <groups>
    </groups>
    <test started-at="2025-07-29T11:45:40 EDT" name="Default test" finished-at="2025-07-29T11:45:45 EDT" duration-ms="5274">
      <class name="rahulshettyacademy.ExtentReports.Section21ExtentReportDemo">
        <test-method is-config="true" signature="config()[pri:0, instance:rahulshettyacademy.ExtentReports.Section21ExtentReportDemo@4d5d943d]" started-at="2025-07-29T11:45:40 EDT" name="config" finished-at="2025-07-29T11:45:40 EDT" duration-ms="187" status="PASS">
          <reporter-output>
          </reporter-output>
        </test-method> <!-- config -->
        <test-method signature="InitialDemo()[pri:0, instance:rahulshettyacademy.ExtentReports.Section21ExtentReportDemo@4d5d943d]" started-at="2025-07-29T11:45:40 EDT" name="InitialDemo" finished-at="2025-07-29T11:45:45 EDT" duration-ms="5055" status="PASS">
          <reporter-output>
          </reporter-output>
        </test-method> <!-- InitialDemo -->
      </class> <!-- rahulshettyacademy.ExtentReports.Section21ExtentReportDemo -->
    </test> <!-- Default test -->
  </suite> <!-- Default suite -->
</testng-results>
