<?xml version="1.0" encoding="UTF-8"?>
<!-- Generated by org.testng.reporters.JUnitReportReporter -->
<testsuite hostname="DESKTOP-1RUJ83J" failures="0" tests="3" name="test.Section16Day4" time="0.002" errors="0" timestamp="2025-07-23T16:56:28 EDT" skipped="0">
  <testcase classname="test.Section16Day4" name="LoginAPIHomeLoan" time="0.001"/>
  <testcase classname="test.Section16Day4" name="MobileLoginHomeLoan" time="0.001"/>
  <testcase classname="test.Section16Day4" name="WebLoginHomeLoan" time="0.000"/>
</testsuite> <!-- test.Section16Day4 -->
