<?xml version="1.0" encoding="UTF-8"?>
<!-- Generated by org.testng.reporters.JUnitReportReporter -->
<testsuite hostname="DESKTOP-1RUJ83J" failures="0" tests="3" name="test.Section16Day3" time="0.003" errors="0" timestamp="2025-07-23T16:56:28 EDT" skipped="0">
  <testcase classname="test.Section16Day3" name="MobileLoginCarLoan" time="0.001"/>
  <testcase classname="test.Section16Day3" name="WebLoginCarLoan" time="0.001"/>
  <testcase classname="test.Section16Day3" name="LoginAPICarLoan" time="0.001"/>
</testsuite> <!-- test.Section16Day3 -->
