<?xml version="1.0" encoding="UTF-8"?>
<!-- Generated by org.testng.reporters.JUnitReportReporter -->
<testsuite hostname="DESKTOP-1RUJ83J" failures="0" tests="5" name="test.Section16Day3" time="0.017" errors="0" timestamp="2025-07-24T13:28:01 EDT" skipped="0">
  <testcase classname="test.Section16Day3" name="DataLoginAPICarLoan" time="0.002"/>
  <testcase classname="test.Section16Day3" name="MobileLoginCarLoan" time="0.006"/>
  <testcase classname="test.Section16Day3" name="DataLoginAPICarLoan" time="0.005"/>
  <testcase classname="test.Section16Day3" name="WebLoginCarLoan" time="0.003"/>
  <testcase classname="test.Section16Day3" name="DataLoginAPICarLoan" time="0.001"/>
</testsuite> <!-- test.Section16Day3 -->
