<?xml version="1.0" encoding="UTF-8"?>
<!-- Generated by org.testng.reporters.JUnitReportReporter -->
<testsuite hostname="DESKTOP-1RUJ83J" failures="0" tests="3" name="test.Section16Day1" time="0.009" errors="0" timestamp="2025-07-23T16:56:28 EDT" skipped="0">
  <testcase classname="test.Section16Day1" name="Doko1" time="0.001"/>
  <testcase classname="test.Section16Day1" name="Demo2" time="0.001"/>
  <testcase classname="test.Section16Day1" name="Demo1" time="0.007"/>
</testsuite> <!-- test.Section16Day1 -->
