<?xml version="1.0" encoding="UTF-8"?>
<!-- Generated by org.testng.reporters.JUnitXMLReporter -->
<testsuite ignored="0" hostname="DESKTOP-1RUJ83J" failures="0" tests="4" name="Default test" time="52.581" errors="0" timestamp="2025-07-25T17:02:30 EDT">
  <testcase classname="rahulshettyacademy.tests.Section19SubmitOrderTest" name="SubmitOrder" time="16.347"/>
  <testcase classname="rahulshettyacademy.tests.Section19SubmitOrderTest" name="SubmitOrder" time="16.325"/>
  <testcase classname="rahulshettyacademy.tests.Section19SubmitOrderTest" name="OrderHistoryTest" time="1.493"/>
  <testcase classname="rahulshettyacademy.tests.Section19SubmitOrderTest" name="OrderHistoryTest" time="1.517"/>
</testsuite> <!-- Default test -->
