<?xml version="1.0" encoding="UTF-8"?>
<!-- Generated by org.testng.reporters.JUnitXMLReporter -->
<testsuite ignored="0" hostname="DESKTOP-1RUJ83J" failures="0" tests="4" name="Personal Loan" time="0.044" errors="0" timestamp="2025-07-23T15:37:10 EDT">
  <testcase classname="test.Section16Day1" name="Demo1" time="0.006"/>
  <testcase classname="test.Section16Day1" name="Demo2" time="0.001"/>
  <testcase classname="test.Section16Day2" name="PayLoan" time="0.001"/>
  <testcase classname="test.Section16Day2" name="UpLoan" time="0.0"/>
</testsuite> <!-- Personal Loan -->
