<?xml version="1.0" encoding="UTF-8"?>
<!-- Generated by org.testng.reporters.JUnitReportReporter -->
<testsuite hostname="DESKTOP-1RUJ83J" failures="0" tests="1" name="rahulshettyacademy.ExtentReports.Section21ExtentReportDemo" time="5.055" errors="0" timestamp="2025-07-29T11:45:45 EDT" skipped="0">
  <testcase classname="rahulshettyacademy.ExtentReports.Section21ExtentReportDemo" name="InitialDemo" time="5.055"/>
</testsuite> <!-- rahulshettyacademy.ExtentReports.Section21ExtentReportDemo -->
